<?xml version="1.0" encoding="UTF-8"?>
<!-- Generated by org.testng.reporters.JUnitReportReporter -->
<testsuite skipped="0" hostname="vishal" name="irctc.BookTicket" tests="1" failures="0" timestamp="07 Jan 2018 12:53:51 GMT" time="11.850" errors="0">
  <testcase name="book" time="11.850" classname="irctc.BookTicket"/>
</testsuite> <!-- irctc.BookTicket -->
