<?xml version="1.0" encoding="UTF-8"?>
<!-- Generated by org.testng.reporters.JUnitReportReporter -->
<testsuite skipped="0" hostname="vishal-pc" name="testNgDemo.TestScript1" tests="3" failures="0" timestamp="19 Jun 2018 14:40:53 GMT" time="0.024" errors="0">
  <testcase name="testapp2" time="0.003" classname="testNgDemo.TestScript1"/>
  <testcase name="testapp3" time="0.002" classname="testNgDemo.TestScript1"/>
  <testcase name="testapp1" time="0.019" classname="testNgDemo.TestScript1"/>
</testsuite> <!-- testNgDemo.TestScript1 -->
