<?xml version="1.0" encoding="UTF-8"?>
<!-- Generated by org.testng.reporters.JUnitReportReporter -->
<testsuite skipped="2" hostname="vishal-pc" name="testNgDemo.TestScript4" tests="3" failures="0" timestamp="16 May 2018 13:42:02 GMT" time="77.433" errors="0">
  <testcase name="testRun" time="77.433" classname="testNgDemo.TestScript4"/>
  <testcase name="testPratice" classname="testNgDemo.TestScript4">
    <skipped/>
  </testcase> <!-- testPratice -->
  <testcase name="runtest" classname="testNgDemo.TestScript4">
    <skipped/>
  </testcase> <!-- runtest -->
</testsuite> <!-- testNgDemo.TestScript4 -->
