<?xml version="1.0" encoding="UTF-8"?>
<!-- Generated by org.testng.reporters.JUnitReportReporter -->
<testsuite skipped="0" hostname="DESKTOP-442UK3P" name="testNgDemo.TestScript" tests="3" failures="0" timestamp="12 Apr 2017 14:57:28 GMT" time="0.057" errors="0">
  <testcase name="testapp1" time="0.042" classname="testNgDemo.TestScript"/>
  <testcase name="testapp2" time="0.008" classname="testNgDemo.TestScript"/>
  <testcase name="testapp3" time="0.007" classname="testNgDemo.TestScript"/>
</testsuite> <!-- testNgDemo.TestScript -->
