<?xml version="1.0" encoding="UTF-8"?>
<!-- Generated by org.testng.reporters.JUnitReportReporter -->
<testsuite skipped="0" hostname="vishal" name="testNgDemo.TestScript1" tests="3" failures="0" timestamp="07 Jan 2018 12:40:39 GMT" time="0.016" errors="0">
  <testcase name="testapp2" time="0.002" classname="testNgDemo.TestScript1"/>
  <testcase name="testapp1" time="0.013" classname="testNgDemo.TestScript1"/>
  <testcase name="testapp3" time="0.001" classname="testNgDemo.TestScript1"/>
</testsuite> <!-- testNgDemo.TestScript1 -->
