<?xml version="1.0" encoding="UTF-8"?>
<!-- Generated by org.testng.reporters.JUnitReportReporter -->
<testsuite skipped="2" hostname="vishal-pc" name="testNgDemo.TestScript4" tests="3" failures="0" timestamp="15 May 2018 15:03:31 GMT" time="6.436" errors="0">
  <testcase name="testPratice" time="6.436" classname="testNgDemo.TestScript4"/>
  <testcase name="testRun" classname="testNgDemo.TestScript4">
    <skipped/>
  </testcase> <!-- testRun -->
  <testcase name="runtest" classname="testNgDemo.TestScript4">
    <skipped/>
  </testcase> <!-- runtest -->
</testsuite> <!-- testNgDemo.TestScript4 -->
