<?xml version="1.0" encoding="UTF-8"?>
<!-- Generated by org.testng.reporters.JUnitReportReporter -->
<testsuite skipped="0" hostname="vishal" name="testNgDemo.TestScript3" tests="1" failures="0" timestamp="07 Jan 2018 12:54:25 GMT" time="5.214" errors="0">
  <testcase name="testMethod" time="5.214" classname="testNgDemo.TestScript3"/>
</testsuite> <!-- testNgDemo.TestScript3 -->
