<?xml version="1.0" encoding="UTF-8"?>
<!-- Generated by org.testng.reporters.JUnitReportReporter -->
<testsuite skipped="0" hostname="vishal-pc" name="testNgDemo.TestScript5_window" tests="1" failures="0" timestamp="15 May 2018 17:21:36 GMT" time="16.086" errors="0">
  <testcase name="runTest" time="16.086" classname="testNgDemo.TestScript5_window"/>
</testsuite> <!-- testNgDemo.TestScript5_window -->
