<?xml version="1.0" encoding="UTF-8"?>
<!-- Generated by org.testng.reporters.JUnitReportReporter -->
<testsuite skipped="0" hostname="vishal-pc" name="testNgDemo.TestScript5_window" tests="1" failures="0" timestamp="16 May 2018 13:39:12 GMT" time="130.696" errors="0">
  <testcase name="runTest" time="130.696" classname="testNgDemo.TestScript5_window"/>
</testsuite> <!-- testNgDemo.TestScript5_window -->
